<?xml version="1.0" encoding="UTF-8"?>
<!-- Generated by org.testng.reporters.JUnitReportReporter -->
<testsuite hostname="Akash" failures="0" tests="1" name="com.demo.UI.Automation.Tests.LoginErrorValidatios" time="4.989" errors="0" timestamp="2024-09-02T19:13:27 IST" skipped="0">
  <testcase classname="com.demo.UI.Automation.Tests.LoginErrorValidatios" name="validateErrorMessage_Login" time="4.989"/>
</testsuite> <!-- com.demo.UI.Automation.Tests.LoginErrorValidatios -->
