<?xml version="1.0" encoding="UTF-8"?>
<!-- Generated by org.testng.reporters.JUnitReportReporter -->
<testsuite hostname="Akash" failures="0" tests="2" name="com.demo.UI.Automation.Tests.E2ETest" time="6.872" errors="0" timestamp="2024-09-05T20:44:19 IST" skipped="0">
  <testcase classname="com.demo.UI.Automation.Tests.E2ETest" name="productOrderTest" time="4.942"/>
  <testcase classname="com.demo.UI.Automation.Tests.E2ETest" name="productErrorValidation" time="1.930"/>
</testsuite> <!-- com.demo.UI.Automation.Tests.E2ETest -->
